<?xml version="1.0" encoding="UTF-8"?>
<!-- Generated by org.testng.reporters.JUnitReportReporter -->
<testsuite skipped="0" hostname="laptop-107" name="javatest.bambootest" tests="1" failures="0" timestamp="2020-04-01T18:50:44 PKT" time="9.436" errors="0">
  <testcase name="extentReportsDemo" time="9.436" classname="javatest.bambootest"/>
</testsuite> <!-- javatest.bambootest -->
